
> backend@0.0.1 start:dev
> nest start --watch

[2J[3J[H[[90m12:17:26 PM[0m] Starting compilation in watch mode...

[[90m12:18:04 PM[0m] Found 0 errors. Watching for file changes.

[32m[Nest] 198628  - [39m08/06/2025, 12:18:09 PM [32m    LOG[39m [38;5;3m[NestFactory] [39m[32mStarting Nest application...[39m
[32m[Nest] 198628  - [39m08/06/2025, 12:18:09 PM [32m    LOG[39m [38;5;3m[InstanceLoader] [39m[32mPrismaModule dependencies initialized[39m[38;5;3m +81ms[39m
[32m[Nest] 198628  - [39m08/06/2025, 12:18:09 PM [32m    LOG[39m [38;5;3m[InstanceLoader] [39m[32mPassportModule dependencies initialized[39m[38;5;3m +1ms[39m
[32m[Nest] 198628  - [39m08/06/2025, 12:18:09 PM [32m    LOG[39m [38;5;3m[InstanceLoader] [39m[32mJwtModule dependencies initialized[39m[38;5;3m +91ms[39m
[32m[Nest] 198628  - [39m08/06/2025, 12:18:09 PM [32m    LOG[39m [38;5;3m[InstanceLoader] [39m[32mCallbackModule dependencies initialized[39m[38;5;3m +4ms[39m
[32m[Nest] 198628  - [39m08/06/2025, 12:18:09 PM [32m    LOG[39m [38;5;3m[InstanceLoader] [39m[32mAuditLogModule dependencies initialized[39m[38;5;3m +7ms[39m
[32m[Nest] 198628  - [39m08/06/2025, 12:18:09 PM [32m    LOG[39m [38;5;3m[InstanceLoader] [39m[32mMenuModule dependencies initialized[39m[38;5;3m +1ms[39m
[32m[Nest] 198628  - [39m08/06/2025, 12:18:09 PM [32m    LOG[39m [38;5;3m[InstanceLoader] [39m[32mErrorlogsModule dependencies initialized[39m[38;5;3m +1ms[39m
[32m[Nest] 198628  - [39m08/06/2025, 12:18:09 PM [32m    LOG[39m [38;5;3m[InstanceLoader] [39m[32mDonhangModule dependencies initialized[39m[38;5;3m +0ms[39m
[32m[Nest] 198628  - [39m08/06/2025, 12:18:09 PM [32m    LOG[39m [38;5;3m[InstanceLoader] [39m[32mNhomkhachhangModule dependencies initialized[39m[38;5;3m +1ms[39m
[32m[Nest] 198628  - [39m08/06/2025, 12:18:09 PM [32m    LOG[39m [38;5;3m[InstanceLoader] [39m[32mkhoModule dependencies initialized[39m[38;5;3m +0ms[39m
[32m[Nest] 198628  - [39m08/06/2025, 12:18:09 PM [32m    LOG[39m [38;5;3m[InstanceLoader] [39m[32mRoleModule dependencies initialized[39m[38;5;3m +0ms[39m
[32m[Nest] 198628  - [39m08/06/2025, 12:18:09 PM [32m    LOG[39m [38;5;3m[InstanceLoader] [39m[32mChatbotModule dependencies initialized[39m[38;5;3m +0ms[39m
[32m[Nest] 198628  - [39m08/06/2025, 12:18:09 PM [32m    LOG[39m [38;5;3m[InstanceLoader] [39m[32mGoogledriveModule dependencies initialized[39m[38;5;3m +2ms[39m
[31m[Nest] 198628  - [39m08/06/2025, 12:18:09 PM [31m  ERROR[39m [38;5;3m[ExceptionHandler] [39m[31mNest can't resolve dependencies of the JwtAuthGuard (?). Please make sure that the argument JwtService at index [0] is available in the GraphQLUniversalModule context.

Potential solutions:
- Is GraphQLUniversalModule a valid NestJS module?
- If JwtService is a provider, is it part of the current GraphQLUniversalModule?
- If JwtService is exported from a separate @Module, is that module imported within GraphQLUniversalModule?
  @Module({
    imports: [ /* the Module containing JwtService */ ]
  })
[39m
Error: Nest can't resolve dependencies of the JwtAuthGuard (?). Please make sure that the argument JwtService at index [0] is available in the GraphQLUniversalModule context.

Potential solutions:
- Is GraphQLUniversalModule a valid NestJS module?
- If JwtService is a provider, is it part of the current GraphQLUniversalModule?
- If JwtService is exported from a separate @Module, is that module imported within GraphQLUniversalModule?
  @Module({
    imports: [ /* the Module containing JwtService */ ]
  })

    at Injector.lookupComponentInParentModules (/chikiet/kataoffical/rausachfullstack/api/node_modules/@nestjs/core/injector/injector.js:262:19)
    at async Injector.resolveComponentInstance (/chikiet/kataoffical/rausachfullstack/api/node_modules/@nestjs/core/injector/injector.js:215:33)
    at async resolveParam (/chikiet/kataoffical/rausachfullstack/api/node_modules/@nestjs/core/injector/injector.js:129:38)
    at async Promise.all (index 0)
    at async Injector.resolveConstructorParams (/chikiet/kataoffical/rausachfullstack/api/node_modules/@nestjs/core/injector/injector.js:144:27)
    at async Injector.loadInstance (/chikiet/kataoffical/rausachfullstack/api/node_modules/@nestjs/core/injector/injector.js:70:13)
    at async Promise.all (index 0)
    at async Injector.loadEnhancersPerContext (/chikiet/kataoffical/rausachfullstack/api/node_modules/@nestjs/core/injector/injector.js:398:9)
    at async Injector.loadProvider (/chikiet/kataoffical/rausachfullstack/api/node_modules/@nestjs/core/injector/injector.js:99:9)
    at async /chikiet/kataoffical/rausachfullstack/api/node_modules/@nestjs/core/injector/instance-loader.js:56:13
